<?xml version="1.0" encoding="UTF-8"?>
<testsuite name="com.gildedrose.GildedRoseTest" tests="22" skipped="0" failures="0" errors="0" timestamp="2022-11-02T16:56:01" hostname="LPBACHAR" time="0.039">
  <properties/>
  <testcase name="Test that SellIn is strictly less than 0 for Conjured" classname="com.gildedrose.GildedRoseTest" time="0.013"/>
  <testcase name="Test that Quality is less than 50 and SellIn is strictly less than 6" classname="com.gildedrose.GildedRoseTest" time="0.0"/>
  <testcase name="Test that Quality is less than 50" classname="com.gildedrose.GildedRoseTest" time="0.0"/>
  <testcase name="Test that SellIn is less than 11" classname="com.gildedrose.GildedRoseTest" time="0.0"/>
  <testcase name="Test that Quality is less than 50 and name is not Sulfuras" classname="com.gildedrose.GildedRoseTest" time="0.0"/>
  <testcase name="Test that quality is strictly less than 50 while name is Aged Brie" classname="com.gildedrose.GildedRoseTest" time="0.0"/>
  <testcase name="Test that SellIn is less than 0 for Conjured" classname="com.gildedrose.GildedRoseTest" time="0.001"/>
  <testcase name="Test that if not Backstage quality = 0" classname="com.gildedrose.GildedRoseTest" time="0.0"/>
  <testcase name="Test that the name is unchanged" classname="com.gildedrose.GildedRoseTest" time="0.0"/>
  <testcase name="Test that quality is less than 50 while name is Aged Brie" classname="com.gildedrose.GildedRoseTest" time="0.0"/>
  <testcase name="Test Item.java" classname="com.gildedrose.GildedRoseTest" time="0.01"/>
  <testcase name="Test that SellIn is strictly less than 0 while name is Aged Brie" classname="com.gildedrose.GildedRoseTest" time="0.0"/>
  <testcase name="Test that SellIn is less than 0 for Conjured" classname="com.gildedrose.GildedRoseTest" time="0.0"/>
  <testcase name="Test that SellIn is less than 0 for Conjured" classname="com.gildedrose.GildedRoseTest" time="0.0"/>
  <testcase name="Test that the quality is unchanged" classname="com.gildedrose.GildedRoseTest" time="0.001"/>
  <testcase name="Test that SellIn is strictly less than 11" classname="com.gildedrose.GildedRoseTest" time="0.001"/>
  <testcase name="Test that Quality is less than 50 and SellIn is less than 6" classname="com.gildedrose.GildedRoseTest" time="0.0"/>
  <testcase name="Test that SellIn is strictly less than 0" classname="com.gildedrose.GildedRoseTest" time="0.001"/>
  <testcase name="Test that SellIn is less than 0" classname="com.gildedrose.GildedRoseTest" time="0.0"/>
  <testcase name="Test that Quality is strictly less than 50" classname="com.gildedrose.GildedRoseTest" time="0.001"/>
  <testcase name="Test that SellIn is less than 0" classname="com.gildedrose.GildedRoseTest" time="0.0"/>
  <testcase name="Test that SellBrie is unchanged" classname="com.gildedrose.GildedRoseTest" time="0.001"/>
  <system-out><![CDATA[]]></system-out>
  <system-err><![CDATA[]]></system-err>
</testsuite>
